2016-02-26 11:41:48,239 - [INFO] - from play in pool-4-thread-4 
Listening for HTTP on /0:0:0:0:0:0:0:0:9000

2016-02-26 11:42:29,074 - [INFO] - from application in play-internal-execution-context-1 
[securesocial] loaded templates plugin: plugins.users.CustomTemplatesPlugin

2016-02-26 11:42:29,493 - [INFO] - from play in play-internal-execution-context-1 
Starting application default Akka system.

2016-02-26 11:42:29,513 - [INFO] - from akka.event.slf4j.Slf4jLogger in play-akka.actor.default-dispatcher-2 
Slf4jLogger started

2016-02-26 11:42:29,521 - [DEBUG] - from application in play-akka.actor.default-dispatcher-4 
[securesocial] calling deleteExpiredTokens()

2016-02-26 11:42:29,521 - [INFO] - from application in play-internal-execution-context-1 
[securesocial] loaded user service: class plugins.users.sorm.SormUserServicePlugin

2016-02-26 11:42:29,525 - [INFO] - from application in play-internal-execution-context-1 
[securesocial] loaded password hasher bcrypt

2016-02-26 11:42:29,531 - [INFO] - from application in play-internal-execution-context-1 
[securesocial] loaded identity provider: userpass

2016-02-26 11:42:29,543 - [INFO] - from play in play-internal-execution-context-1 
Application started (Dev)

2016-02-26 11:45:58,654 - [INFO] - from application in play-akka.actor.default-dispatcher-18 
encrypt Data08b8b7b6266f21a1bd2097ac993155d4a6e2169e28b7dfdb380fa73ac7bdf

2016-02-26 20:26:20,955 - [DEBUG] - from application in play-akka.actor.default-dispatcher-29 
[securesocial] calling deleteExpiredTokens()

2016-02-26 20:31:20,960 - [DEBUG] - from application in play-akka.actor.default-dispatcher-32 
[securesocial] calling deleteExpiredTokens()

2016-02-26 20:36:20,971 - [DEBUG] - from application in play-akka.actor.default-dispatcher-32 
[securesocial] calling deleteExpiredTokens()

2016-02-26 22:29:02,268 - [DEBUG] - from application in play-akka.actor.default-dispatcher-32 
[securesocial] calling deleteExpiredTokens()

2016-02-26 22:34:02,268 - [DEBUG] - from application in play-akka.actor.default-dispatcher-32 
[securesocial] calling deleteExpiredTokens()

2016-02-26 22:39:02,290 - [DEBUG] - from application in play-akka.actor.default-dispatcher-32 
[securesocial] calling deleteExpiredTokens()

2016-02-26 22:44:02,302 - [DEBUG] - from application in play-akka.actor.default-dispatcher-32 
[securesocial] calling deleteExpiredTokens()

2016-02-26 22:49:02,314 - [DEBUG] - from application in play-akka.actor.default-dispatcher-32 
[securesocial] calling deleteExpiredTokens()

2016-02-26 22:54:02,325 - [DEBUG] - from application in play-akka.actor.default-dispatcher-32 
[securesocial] calling deleteExpiredTokens()

2016-02-26 22:59:02,335 - [DEBUG] - from application in play-akka.actor.default-dispatcher-32 
[securesocial] calling deleteExpiredTokens()

2016-02-26 23:04:02,346 - [DEBUG] - from application in play-akka.actor.default-dispatcher-32 
[securesocial] calling deleteExpiredTokens()

2016-02-26 23:09:02,357 - [DEBUG] - from application in play-akka.actor.default-dispatcher-32 
[securesocial] calling deleteExpiredTokens()

2016-02-26 23:14:02,369 - [DEBUG] - from application in play-akka.actor.default-dispatcher-32 
[securesocial] calling deleteExpiredTokens()

2016-02-26 23:19:02,382 - [DEBUG] - from application in play-akka.actor.default-dispatcher-32 
[securesocial] calling deleteExpiredTokens()

2016-02-27 08:26:05,584 - [DEBUG] - from application in play-akka.actor.default-dispatcher-32 
[securesocial] calling deleteExpiredTokens()

2016-02-27 08:31:05,595 - [DEBUG] - from application in play-akka.actor.default-dispatcher-32 
[securesocial] calling deleteExpiredTokens()

2016-02-27 08:36:05,605 - [DEBUG] - from application in play-akka.actor.default-dispatcher-32 
[securesocial] calling deleteExpiredTokens()

2016-02-27 08:41:05,616 - [DEBUG] - from application in play-akka.actor.default-dispatcher-32 
[securesocial] calling deleteExpiredTokens()

2016-02-27 08:46:05,629 - [DEBUG] - from application in play-akka.actor.default-dispatcher-32 
[securesocial] calling deleteExpiredTokens()

2016-02-27 08:51:05,639 - [DEBUG] - from application in play-akka.actor.default-dispatcher-32 
[securesocial] calling deleteExpiredTokens()

2016-02-27 08:56:05,651 - [DEBUG] - from application in play-akka.actor.default-dispatcher-32 
[securesocial] calling deleteExpiredTokens()

2016-02-27 09:01:05,662 - [DEBUG] - from application in play-akka.actor.default-dispatcher-32 
[securesocial] calling deleteExpiredTokens()

2016-02-27 09:06:05,675 - [DEBUG] - from application in play-akka.actor.default-dispatcher-32 
[securesocial] calling deleteExpiredTokens()

2016-02-27 09:11:05,686 - [DEBUG] - from application in play-akka.actor.default-dispatcher-32 
[securesocial] calling deleteExpiredTokens()

2016-02-27 09:16:05,695 - [DEBUG] - from application in play-akka.actor.default-dispatcher-32 
[securesocial] calling deleteExpiredTokens()

2016-02-27 09:21:05,706 - [DEBUG] - from application in play-akka.actor.default-dispatcher-32 
[securesocial] calling deleteExpiredTokens()

2016-02-27 09:26:05,719 - [DEBUG] - from application in play-akka.actor.default-dispatcher-32 
[securesocial] calling deleteExpiredTokens()

2016-02-27 09:31:05,731 - [DEBUG] - from application in play-akka.actor.default-dispatcher-32 
[securesocial] calling deleteExpiredTokens()

2016-02-27 09:36:05,740 - [DEBUG] - from application in play-akka.actor.default-dispatcher-32 
[securesocial] calling deleteExpiredTokens()

2016-02-27 09:41:05,751 - [DEBUG] - from application in play-akka.actor.default-dispatcher-32 
[securesocial] calling deleteExpiredTokens()

2016-02-27 09:46:05,763 - [DEBUG] - from application in play-akka.actor.default-dispatcher-32 
[securesocial] calling deleteExpiredTokens()

2016-02-27 09:51:05,776 - [DEBUG] - from application in play-akka.actor.default-dispatcher-32 
[securesocial] calling deleteExpiredTokens()

2016-02-27 09:56:05,787 - [DEBUG] - from application in play-akka.actor.default-dispatcher-32 
[securesocial] calling deleteExpiredTokens()

2016-02-27 10:34:10,866 - [DEBUG] - from application in play-akka.actor.default-dispatcher-32 
[securesocial] calling deleteExpiredTokens()

2016-02-27 10:39:11,518 - [DEBUG] - from application in play-akka.actor.default-dispatcher-32 
[securesocial] calling deleteExpiredTokens()

2016-02-27 10:44:11,530 - [DEBUG] - from application in play-akka.actor.default-dispatcher-32 
[securesocial] calling deleteExpiredTokens()

2016-02-27 10:49:11,540 - [DEBUG] - from application in play-akka.actor.default-dispatcher-32 
[securesocial] calling deleteExpiredTokens()

2016-02-27 10:54:11,552 - [DEBUG] - from application in play-akka.actor.default-dispatcher-32 
[securesocial] calling deleteExpiredTokens()

2016-02-27 11:01:25,855 - [DEBUG] - from application in play-akka.actor.default-dispatcher-32 
[securesocial] calling deleteExpiredTokens()

2016-02-27 11:06:25,856 - [DEBUG] - from application in play-akka.actor.default-dispatcher-32 
[securesocial] calling deleteExpiredTokens()

2016-02-27 11:11:25,877 - [DEBUG] - from application in play-akka.actor.default-dispatcher-32 
[securesocial] calling deleteExpiredTokens()

2016-02-27 11:16:25,889 - [DEBUG] - from application in play-akka.actor.default-dispatcher-32 
[securesocial] calling deleteExpiredTokens()

2016-02-27 12:21:20,197 - [DEBUG] - from application in play-akka.actor.default-dispatcher-32 
[securesocial] calling deleteExpiredTokens()

2016-02-27 12:26:20,206 - [DEBUG] - from application in play-akka.actor.default-dispatcher-32 
[securesocial] calling deleteExpiredTokens()

2016-02-27 12:31:20,215 - [DEBUG] - from application in play-akka.actor.default-dispatcher-32 
[securesocial] calling deleteExpiredTokens()

2016-02-27 12:36:20,228 - [DEBUG] - from application in play-akka.actor.default-dispatcher-32 
[securesocial] calling deleteExpiredTokens()

2016-02-27 12:41:20,238 - [DEBUG] - from application in play-akka.actor.default-dispatcher-32 
[securesocial] calling deleteExpiredTokens()

2016-02-27 12:46:20,252 - [DEBUG] - from application in play-akka.actor.default-dispatcher-32 
[securesocial] calling deleteExpiredTokens()

2016-02-27 12:51:20,263 - [DEBUG] - from application in play-akka.actor.default-dispatcher-32 
[securesocial] calling deleteExpiredTokens()

2016-02-27 12:56:20,272 - [DEBUG] - from application in play-akka.actor.default-dispatcher-32 
[securesocial] calling deleteExpiredTokens()

2016-02-27 13:01:20,282 - [DEBUG] - from application in play-akka.actor.default-dispatcher-32 
[securesocial] calling deleteExpiredTokens()

2016-02-27 13:06:20,297 - [DEBUG] - from application in play-akka.actor.default-dispatcher-32 
[securesocial] calling deleteExpiredTokens()

2016-02-27 13:11:20,304 - [DEBUG] - from application in play-akka.actor.default-dispatcher-32 
[securesocial] calling deleteExpiredTokens()

2016-02-27 13:16:20,316 - [DEBUG] - from application in play-akka.actor.default-dispatcher-32 
[securesocial] calling deleteExpiredTokens()

2016-02-27 13:21:20,327 - [DEBUG] - from application in play-akka.actor.default-dispatcher-32 
[securesocial] calling deleteExpiredTokens()

2016-02-27 13:26:20,339 - [DEBUG] - from application in play-akka.actor.default-dispatcher-32 
[securesocial] calling deleteExpiredTokens()

2016-02-27 13:31:20,349 - [DEBUG] - from application in play-akka.actor.default-dispatcher-32 
[securesocial] calling deleteExpiredTokens()

2016-02-27 13:36:20,359 - [DEBUG] - from application in play-akka.actor.default-dispatcher-32 
[securesocial] calling deleteExpiredTokens()

2016-02-27 13:41:20,375 - [DEBUG] - from application in play-akka.actor.default-dispatcher-32 
[securesocial] calling deleteExpiredTokens()

2016-02-27 13:46:20,383 - [DEBUG] - from application in play-akka.actor.default-dispatcher-32 
[securesocial] calling deleteExpiredTokens()

2016-02-27 13:51:20,396 - [DEBUG] - from application in play-akka.actor.default-dispatcher-32 
[securesocial] calling deleteExpiredTokens()

2016-02-27 13:56:20,403 - [DEBUG] - from application in play-akka.actor.default-dispatcher-32 
[securesocial] calling deleteExpiredTokens()

2016-02-27 14:01:20,419 - [DEBUG] - from application in play-akka.actor.default-dispatcher-32 
[securesocial] calling deleteExpiredTokens()

2016-02-27 14:06:20,426 - [DEBUG] - from application in play-akka.actor.default-dispatcher-32 
[securesocial] calling deleteExpiredTokens()

2016-02-27 14:11:20,438 - [DEBUG] - from application in play-akka.actor.default-dispatcher-32 
[securesocial] calling deleteExpiredTokens()

2016-02-27 14:16:20,452 - [DEBUG] - from application in play-akka.actor.default-dispatcher-32 
[securesocial] calling deleteExpiredTokens()

2016-02-27 14:21:20,458 - [DEBUG] - from application in play-akka.actor.default-dispatcher-32 
[securesocial] calling deleteExpiredTokens()

2016-02-27 14:26:20,470 - [DEBUG] - from application in play-akka.actor.default-dispatcher-32 
[securesocial] calling deleteExpiredTokens()

2016-02-27 14:31:20,484 - [DEBUG] - from application in play-akka.actor.default-dispatcher-32 
[securesocial] calling deleteExpiredTokens()

2016-02-27 14:36:20,497 - [DEBUG] - from application in play-akka.actor.default-dispatcher-32 
[securesocial] calling deleteExpiredTokens()

2016-02-27 14:41:20,493 - [DEBUG] - from application in play-akka.actor.default-dispatcher-32 
[securesocial] calling deleteExpiredTokens()

2016-02-27 14:46:20,514 - [DEBUG] - from application in play-akka.actor.default-dispatcher-32 
[securesocial] calling deleteExpiredTokens()

2016-02-27 14:51:20,528 - [DEBUG] - from application in play-akka.actor.default-dispatcher-32 
[securesocial] calling deleteExpiredTokens()

2016-02-27 14:56:20,539 - [DEBUG] - from application in play-akka.actor.default-dispatcher-32 
[securesocial] calling deleteExpiredTokens()

2016-02-27 15:01:20,550 - [DEBUG] - from application in play-akka.actor.default-dispatcher-32 
[securesocial] calling deleteExpiredTokens()

2016-02-27 15:06:20,559 - [DEBUG] - from application in play-akka.actor.default-dispatcher-32 
[securesocial] calling deleteExpiredTokens()

2016-02-27 15:11:20,572 - [DEBUG] - from application in play-akka.actor.default-dispatcher-32 
[securesocial] calling deleteExpiredTokens()

2016-02-27 15:16:20,581 - [DEBUG] - from application in play-akka.actor.default-dispatcher-32 
[securesocial] calling deleteExpiredTokens()

2016-02-27 15:21:20,603 - [DEBUG] - from application in play-akka.actor.default-dispatcher-32 
[securesocial] calling deleteExpiredTokens()

2016-02-27 15:26:20,604 - [DEBUG] - from application in play-akka.actor.default-dispatcher-32 
[securesocial] calling deleteExpiredTokens()

2016-02-27 15:31:20,607 - [DEBUG] - from application in play-akka.actor.default-dispatcher-32 
[securesocial] calling deleteExpiredTokens()

2016-02-27 17:18:33,616 - [DEBUG] - from application in play-akka.actor.default-dispatcher-32 
[securesocial] calling deleteExpiredTokens()

2016-02-27 17:23:33,617 - [DEBUG] - from application in play-akka.actor.default-dispatcher-32 
[securesocial] calling deleteExpiredTokens()

2016-02-27 17:28:33,638 - [DEBUG] - from application in play-akka.actor.default-dispatcher-32 
[securesocial] calling deleteExpiredTokens()

2016-02-27 17:33:33,641 - [DEBUG] - from application in play-akka.actor.default-dispatcher-32 
[securesocial] calling deleteExpiredTokens()

2016-02-27 20:15:58,338 - [DEBUG] - from application in play-akka.actor.default-dispatcher-32 
[securesocial] calling deleteExpiredTokens()

2016-02-27 20:20:58,350 - [DEBUG] - from application in play-akka.actor.default-dispatcher-32 
[securesocial] calling deleteExpiredTokens()

2016-02-27 20:25:58,361 - [DEBUG] - from application in play-akka.actor.default-dispatcher-32 
[securesocial] calling deleteExpiredTokens()

2016-02-27 20:30:58,370 - [DEBUG] - from application in play-akka.actor.default-dispatcher-32 
[securesocial] calling deleteExpiredTokens()

2016-02-27 20:35:58,382 - [DEBUG] - from application in play-akka.actor.default-dispatcher-32 
[securesocial] calling deleteExpiredTokens()

2016-02-27 20:40:58,385 - [DEBUG] - from application in play-akka.actor.default-dispatcher-32 
[securesocial] calling deleteExpiredTokens()

2016-02-27 20:45:58,405 - [DEBUG] - from application in play-akka.actor.default-dispatcher-32 
[securesocial] calling deleteExpiredTokens()

2016-02-27 20:50:58,407 - [DEBUG] - from application in play-akka.actor.default-dispatcher-32 
[securesocial] calling deleteExpiredTokens()

2016-02-27 20:55:58,427 - [DEBUG] - from application in play-akka.actor.default-dispatcher-32 
[securesocial] calling deleteExpiredTokens()

2016-02-27 21:00:58,438 - [DEBUG] - from application in play-akka.actor.default-dispatcher-32 
[securesocial] calling deleteExpiredTokens()

2016-02-27 21:05:58,451 - [DEBUG] - from application in play-akka.actor.default-dispatcher-32 
[securesocial] calling deleteExpiredTokens()

2016-02-27 21:10:58,464 - [DEBUG] - from application in play-akka.actor.default-dispatcher-32 
[securesocial] calling deleteExpiredTokens()

2016-02-27 21:15:58,473 - [DEBUG] - from application in play-akka.actor.default-dispatcher-32 
[securesocial] calling deleteExpiredTokens()

2016-02-27 21:20:58,486 - [DEBUG] - from application in play-akka.actor.default-dispatcher-32 
[securesocial] calling deleteExpiredTokens()

2016-02-27 21:25:58,498 - [DEBUG] - from application in play-akka.actor.default-dispatcher-32 
[securesocial] calling deleteExpiredTokens()

2016-02-27 21:30:58,507 - [DEBUG] - from application in play-akka.actor.default-dispatcher-32 
[securesocial] calling deleteExpiredTokens()

2016-02-27 21:35:58,520 - [DEBUG] - from application in play-akka.actor.default-dispatcher-32 
[securesocial] calling deleteExpiredTokens()

2016-02-27 21:40:58,529 - [DEBUG] - from application in play-akka.actor.default-dispatcher-32 
[securesocial] calling deleteExpiredTokens()

2016-02-28 00:09:02,905 - [DEBUG] - from application in play-akka.actor.default-dispatcher-32 
[securesocial] calling deleteExpiredTokens()

2016-02-28 00:19:48,775 - [DEBUG] - from application in play-akka.actor.default-dispatcher-32 
[securesocial] calling deleteExpiredTokens()

2016-02-28 00:24:48,785 - [DEBUG] - from application in play-akka.actor.default-dispatcher-32 
[securesocial] calling deleteExpiredTokens()

2016-02-28 00:29:48,809 - [DEBUG] - from application in play-akka.actor.default-dispatcher-32 
[securesocial] calling deleteExpiredTokens()

2016-02-28 00:34:48,819 - [DEBUG] - from application in play-akka.actor.default-dispatcher-32 
[securesocial] calling deleteExpiredTokens()

2016-02-28 00:39:48,832 - [DEBUG] - from application in play-akka.actor.default-dispatcher-32 
[securesocial] calling deleteExpiredTokens()

2016-02-28 00:44:48,842 - [DEBUG] - from application in play-akka.actor.default-dispatcher-32 
[securesocial] calling deleteExpiredTokens()

2016-02-28 00:49:48,853 - [DEBUG] - from application in play-akka.actor.default-dispatcher-32 
[securesocial] calling deleteExpiredTokens()

2016-02-28 00:54:48,865 - [DEBUG] - from application in play-akka.actor.default-dispatcher-32 
[securesocial] calling deleteExpiredTokens()

2016-02-28 00:59:48,875 - [DEBUG] - from application in play-akka.actor.default-dispatcher-32 
[securesocial] calling deleteExpiredTokens()

2016-02-28 01:04:48,886 - [DEBUG] - from application in play-akka.actor.default-dispatcher-32 
[securesocial] calling deleteExpiredTokens()

2016-02-28 01:09:48,898 - [DEBUG] - from application in play-akka.actor.default-dispatcher-32 
[securesocial] calling deleteExpiredTokens()

2016-02-28 01:14:48,909 - [DEBUG] - from application in play-akka.actor.default-dispatcher-32 
[securesocial] calling deleteExpiredTokens()

2016-02-28 01:19:48,922 - [DEBUG] - from application in play-akka.actor.default-dispatcher-32 
[securesocial] calling deleteExpiredTokens()

2016-02-28 01:24:48,934 - [DEBUG] - from application in play-akka.actor.default-dispatcher-32 
[securesocial] calling deleteExpiredTokens()

2016-02-28 01:29:48,945 - [DEBUG] - from application in play-akka.actor.default-dispatcher-32 
[securesocial] calling deleteExpiredTokens()

2016-02-28 01:34:48,957 - [DEBUG] - from application in play-akka.actor.default-dispatcher-32 
[securesocial] calling deleteExpiredTokens()

2016-02-28 01:39:48,968 - [DEBUG] - from application in play-akka.actor.default-dispatcher-32 
[securesocial] calling deleteExpiredTokens()

2016-02-28 10:32:58,203 - [DEBUG] - from application in play-akka.actor.default-dispatcher-32 
[securesocial] calling deleteExpiredTokens()

2016-02-28 10:37:58,192 - [DEBUG] - from application in play-akka.actor.default-dispatcher-32 
[securesocial] calling deleteExpiredTokens()

2016-02-28 10:42:58,214 - [DEBUG] - from application in play-akka.actor.default-dispatcher-32 
[securesocial] calling deleteExpiredTokens()

2016-02-28 10:47:58,226 - [DEBUG] - from application in play-akka.actor.default-dispatcher-32 
[securesocial] calling deleteExpiredTokens()

2016-02-28 10:52:58,237 - [DEBUG] - from application in play-akka.actor.default-dispatcher-32 
[securesocial] calling deleteExpiredTokens()

2016-02-28 10:57:58,247 - [DEBUG] - from application in play-akka.actor.default-dispatcher-32 
[securesocial] calling deleteExpiredTokens()

2016-02-28 11:02:58,257 - [DEBUG] - from application in play-akka.actor.default-dispatcher-32 
[securesocial] calling deleteExpiredTokens()

2016-02-28 11:07:58,269 - [DEBUG] - from application in play-akka.actor.default-dispatcher-32 
[securesocial] calling deleteExpiredTokens()

2016-02-28 11:12:58,281 - [DEBUG] - from application in play-akka.actor.default-dispatcher-32 
[securesocial] calling deleteExpiredTokens()

2016-02-28 11:17:58,294 - [DEBUG] - from application in play-akka.actor.default-dispatcher-32 
[securesocial] calling deleteExpiredTokens()

2016-02-28 11:22:58,303 - [DEBUG] - from application in play-akka.actor.default-dispatcher-32 
[securesocial] calling deleteExpiredTokens()

2016-02-28 11:27:58,317 - [DEBUG] - from application in play-akka.actor.default-dispatcher-32 
[securesocial] calling deleteExpiredTokens()

2016-02-28 11:32:58,326 - [DEBUG] - from application in play-akka.actor.default-dispatcher-32 
[securesocial] calling deleteExpiredTokens()

2016-02-28 11:37:58,339 - [DEBUG] - from application in play-akka.actor.default-dispatcher-32 
[securesocial] calling deleteExpiredTokens()

2016-02-28 11:42:58,350 - [DEBUG] - from application in play-akka.actor.default-dispatcher-32 
[securesocial] calling deleteExpiredTokens()

2016-02-28 11:47:58,360 - [DEBUG] - from application in play-akka.actor.default-dispatcher-32 
[securesocial] calling deleteExpiredTokens()

2016-02-28 11:52:58,373 - [DEBUG] - from application in play-akka.actor.default-dispatcher-32 
[securesocial] calling deleteExpiredTokens()

2016-02-28 11:57:58,384 - [DEBUG] - from application in play-akka.actor.default-dispatcher-32 
[securesocial] calling deleteExpiredTokens()

2016-02-28 12:06:45,678 - [DEBUG] - from application in play-akka.actor.default-dispatcher-32 
[securesocial] calling deleteExpiredTokens()

2016-02-28 12:11:45,689 - [DEBUG] - from application in play-akka.actor.default-dispatcher-32 
[securesocial] calling deleteExpiredTokens()

2016-02-28 12:16:45,700 - [DEBUG] - from application in play-akka.actor.default-dispatcher-32 
[securesocial] calling deleteExpiredTokens()

2016-02-28 12:21:45,713 - [DEBUG] - from application in play-akka.actor.default-dispatcher-32 
[securesocial] calling deleteExpiredTokens()

2016-02-28 12:26:45,724 - [DEBUG] - from application in play-akka.actor.default-dispatcher-32 
[securesocial] calling deleteExpiredTokens()

2016-02-28 12:31:45,734 - [DEBUG] - from application in play-akka.actor.default-dispatcher-32 
[securesocial] calling deleteExpiredTokens()

2016-02-28 12:36:45,747 - [DEBUG] - from application in play-akka.actor.default-dispatcher-32 
[securesocial] calling deleteExpiredTokens()

2016-02-28 12:41:45,759 - [DEBUG] - from application in play-akka.actor.default-dispatcher-32 
[securesocial] calling deleteExpiredTokens()

2016-02-28 12:46:45,770 - [DEBUG] - from application in play-akka.actor.default-dispatcher-32 
[securesocial] calling deleteExpiredTokens()

2016-02-28 13:05:40,795 - [DEBUG] - from application in play-akka.actor.default-dispatcher-32 
[securesocial] calling deleteExpiredTokens()

2016-02-28 13:10:40,807 - [DEBUG] - from application in play-akka.actor.default-dispatcher-32 
[securesocial] calling deleteExpiredTokens()

2016-02-28 13:18:40,203 - [DEBUG] - from application in play-akka.actor.default-dispatcher-32 
[securesocial] calling deleteExpiredTokens()

2016-02-28 13:28:25,081 - [DEBUG] - from application in play-akka.actor.default-dispatcher-32 
[securesocial] calling deleteExpiredTokens()

2016-02-28 13:33:25,091 - [DEBUG] - from application in play-akka.actor.default-dispatcher-32 
[securesocial] calling deleteExpiredTokens()

2016-02-28 13:38:25,102 - [DEBUG] - from application in play-akka.actor.default-dispatcher-32 
[securesocial] calling deleteExpiredTokens()

2016-02-28 13:43:25,104 - [DEBUG] - from application in play-akka.actor.default-dispatcher-32 
[securesocial] calling deleteExpiredTokens()

2016-02-28 13:48:25,125 - [DEBUG] - from application in play-akka.actor.default-dispatcher-32 
[securesocial] calling deleteExpiredTokens()

2016-02-28 13:53:25,136 - [DEBUG] - from application in play-akka.actor.default-dispatcher-32 
[securesocial] calling deleteExpiredTokens()

2016-02-28 13:58:25,148 - [DEBUG] - from application in play-akka.actor.default-dispatcher-32 
[securesocial] calling deleteExpiredTokens()

2016-02-28 14:03:25,160 - [DEBUG] - from application in play-akka.actor.default-dispatcher-32 
[securesocial] calling deleteExpiredTokens()

2016-02-28 14:08:25,169 - [DEBUG] - from application in play-akka.actor.default-dispatcher-32 
[securesocial] calling deleteExpiredTokens()

2016-02-28 15:13:19,154 - [DEBUG] - from application in play-akka.actor.default-dispatcher-32 
[securesocial] calling deleteExpiredTokens()

2016-02-28 15:18:19,173 - [DEBUG] - from application in play-akka.actor.default-dispatcher-32 
[securesocial] calling deleteExpiredTokens()

2016-02-28 15:23:19,185 - [DEBUG] - from application in play-akka.actor.default-dispatcher-32 
[securesocial] calling deleteExpiredTokens()

2016-02-28 15:28:19,200 - [DEBUG] - from application in play-akka.actor.default-dispatcher-32 
[securesocial] calling deleteExpiredTokens()

2016-02-28 15:33:19,208 - [DEBUG] - from application in play-akka.actor.default-dispatcher-32 
[securesocial] calling deleteExpiredTokens()

2016-02-28 15:38:19,219 - [DEBUG] - from application in play-akka.actor.default-dispatcher-32 
[securesocial] calling deleteExpiredTokens()

2016-02-28 15:43:19,231 - [DEBUG] - from application in play-akka.actor.default-dispatcher-32 
[securesocial] calling deleteExpiredTokens()

2016-02-28 15:48:19,242 - [DEBUG] - from application in play-akka.actor.default-dispatcher-32 
[securesocial] calling deleteExpiredTokens()

2016-02-28 15:53:19,252 - [DEBUG] - from application in play-akka.actor.default-dispatcher-32 
[securesocial] calling deleteExpiredTokens()

2016-02-28 15:58:19,254 - [DEBUG] - from application in play-akka.actor.default-dispatcher-32 
[securesocial] calling deleteExpiredTokens()

2016-02-28 16:03:19,267 - [DEBUG] - from application in play-akka.actor.default-dispatcher-32 
[securesocial] calling deleteExpiredTokens()

2016-02-28 16:08:19,286 - [DEBUG] - from application in play-akka.actor.default-dispatcher-32 
[securesocial] calling deleteExpiredTokens()

2016-02-28 16:13:19,289 - [DEBUG] - from application in play-akka.actor.default-dispatcher-32 
[securesocial] calling deleteExpiredTokens()

2016-02-28 16:18:19,310 - [DEBUG] - from application in play-akka.actor.default-dispatcher-32 
[securesocial] calling deleteExpiredTokens()

2016-02-28 16:23:19,321 - [DEBUG] - from application in play-akka.actor.default-dispatcher-32 
[securesocial] calling deleteExpiredTokens()

2016-02-28 16:28:19,322 - [DEBUG] - from application in play-akka.actor.default-dispatcher-32 
[securesocial] calling deleteExpiredTokens()

2016-02-28 16:33:19,335 - [DEBUG] - from application in play-akka.actor.default-dispatcher-32 
[securesocial] calling deleteExpiredTokens()

2016-02-28 16:38:19,354 - [DEBUG] - from application in play-akka.actor.default-dispatcher-32 
[securesocial] calling deleteExpiredTokens()

2016-02-28 16:43:19,367 - [DEBUG] - from application in play-akka.actor.default-dispatcher-32 
[securesocial] calling deleteExpiredTokens()

2016-02-28 16:48:19,378 - [DEBUG] - from application in play-akka.actor.default-dispatcher-32 
[securesocial] calling deleteExpiredTokens()

2016-02-28 16:53:19,382 - [DEBUG] - from application in play-akka.actor.default-dispatcher-32 
[securesocial] calling deleteExpiredTokens()

2016-02-28 17:20:38,908 - [DEBUG] - from application in play-akka.actor.default-dispatcher-32 
[securesocial] calling deleteExpiredTokens()

2016-02-28 17:25:38,919 - [DEBUG] - from application in play-akka.actor.default-dispatcher-32 
[securesocial] calling deleteExpiredTokens()

2016-02-28 17:30:38,930 - [DEBUG] - from application in play-akka.actor.default-dispatcher-32 
[securesocial] calling deleteExpiredTokens()

2016-02-28 17:35:38,941 - [DEBUG] - from application in play-akka.actor.default-dispatcher-32 
[securesocial] calling deleteExpiredTokens()

2016-02-28 17:40:38,952 - [DEBUG] - from application in play-akka.actor.default-dispatcher-32 
[securesocial] calling deleteExpiredTokens()

2016-02-28 17:45:38,965 - [DEBUG] - from application in play-akka.actor.default-dispatcher-32 
[securesocial] calling deleteExpiredTokens()

2016-02-28 17:50:38,975 - [DEBUG] - from application in play-akka.actor.default-dispatcher-32 
[securesocial] calling deleteExpiredTokens()

2016-02-28 17:55:38,988 - [DEBUG] - from application in play-akka.actor.default-dispatcher-32 
[securesocial] calling deleteExpiredTokens()

2016-02-28 18:00:38,999 - [DEBUG] - from application in play-akka.actor.default-dispatcher-32 
[securesocial] calling deleteExpiredTokens()

2016-02-28 18:05:39,012 - [DEBUG] - from application in play-akka.actor.default-dispatcher-32 
[securesocial] calling deleteExpiredTokens()

2016-02-28 18:10:39,020 - [DEBUG] - from application in play-akka.actor.default-dispatcher-32 
[securesocial] calling deleteExpiredTokens()

2016-02-28 18:15:39,032 - [DEBUG] - from application in play-akka.actor.default-dispatcher-32 
[securesocial] calling deleteExpiredTokens()

2016-02-28 18:20:39,044 - [DEBUG] - from application in play-akka.actor.default-dispatcher-32 
[securesocial] calling deleteExpiredTokens()

2016-02-28 18:25:39,056 - [DEBUG] - from application in play-akka.actor.default-dispatcher-32 
[securesocial] calling deleteExpiredTokens()

2016-02-28 18:30:39,066 - [DEBUG] - from application in play-akka.actor.default-dispatcher-32 
[securesocial] calling deleteExpiredTokens()

2016-02-28 18:39:54,879 - [DEBUG] - from application in play-akka.actor.default-dispatcher-32 
[securesocial] calling deleteExpiredTokens()

2016-02-28 18:44:54,892 - [DEBUG] - from application in play-akka.actor.default-dispatcher-32 
[securesocial] calling deleteExpiredTokens()

2016-02-28 18:49:54,903 - [DEBUG] - from application in play-akka.actor.default-dispatcher-32 
[securesocial] calling deleteExpiredTokens()

2016-02-28 18:54:54,914 - [DEBUG] - from application in play-akka.actor.default-dispatcher-32 
[securesocial] calling deleteExpiredTokens()

2016-02-28 18:59:54,925 - [DEBUG] - from application in play-akka.actor.default-dispatcher-32 
[securesocial] calling deleteExpiredTokens()

2016-02-29 02:28:32,300 - [DEBUG] - from application in play-akka.actor.default-dispatcher-32 
[securesocial] calling deleteExpiredTokens()

2016-02-29 02:33:36,917 - [DEBUG] - from application in play-akka.actor.default-dispatcher-32 
[securesocial] calling deleteExpiredTokens()

2016-02-29 02:38:36,931 - [DEBUG] - from application in play-akka.actor.default-dispatcher-32 
[securesocial] calling deleteExpiredTokens()

2016-02-29 02:43:36,940 - [DEBUG] - from application in play-akka.actor.default-dispatcher-32 
[securesocial] calling deleteExpiredTokens()

2016-02-29 11:11:18,117 - [DEBUG] - from application in play-akka.actor.default-dispatcher-32 
[securesocial] calling deleteExpiredTokens()

2016-02-29 11:16:18,126 - [DEBUG] - from application in play-akka.actor.default-dispatcher-32 
[securesocial] calling deleteExpiredTokens()

2016-02-29 11:21:18,137 - [DEBUG] - from application in play-akka.actor.default-dispatcher-32 
[securesocial] calling deleteExpiredTokens()

2016-02-29 11:26:18,150 - [DEBUG] - from application in play-akka.actor.default-dispatcher-32 
[securesocial] calling deleteExpiredTokens()

2016-02-29 11:31:18,160 - [DEBUG] - from application in play-akka.actor.default-dispatcher-32 
[securesocial] calling deleteExpiredTokens()

2016-02-29 11:36:18,170 - [DEBUG] - from application in play-akka.actor.default-dispatcher-32 
[securesocial] calling deleteExpiredTokens()

2016-02-29 11:41:18,184 - [DEBUG] - from application in play-akka.actor.default-dispatcher-32 
[securesocial] calling deleteExpiredTokens()

2016-02-29 11:46:18,196 - [DEBUG] - from application in play-akka.actor.default-dispatcher-32 
[securesocial] calling deleteExpiredTokens()

2016-02-29 11:51:18,207 - [DEBUG] - from application in play-akka.actor.default-dispatcher-32 
[securesocial] calling deleteExpiredTokens()

2016-02-29 12:00:33,381 - [DEBUG] - from application in play-akka.actor.default-dispatcher-32 
[securesocial] calling deleteExpiredTokens()

2016-02-29 12:05:33,393 - [DEBUG] - from application in play-akka.actor.default-dispatcher-32 
[securesocial] calling deleteExpiredTokens()

2016-02-29 12:28:02,290 - [DEBUG] - from application in play-akka.actor.default-dispatcher-32 
[securesocial] calling deleteExpiredTokens()

2016-02-29 12:33:02,304 - [DEBUG] - from application in play-akka.actor.default-dispatcher-32 
[securesocial] calling deleteExpiredTokens()

2016-02-29 13:37:55,985 - [DEBUG] - from application in play-akka.actor.default-dispatcher-32 
[securesocial] calling deleteExpiredTokens()

2016-02-29 13:42:55,998 - [DEBUG] - from application in play-akka.actor.default-dispatcher-32 
[securesocial] calling deleteExpiredTokens()

2016-02-29 13:47:56,011 - [DEBUG] - from application in play-akka.actor.default-dispatcher-32 
[securesocial] calling deleteExpiredTokens()

2016-02-29 13:52:56,021 - [DEBUG] - from application in play-akka.actor.default-dispatcher-32 
[securesocial] calling deleteExpiredTokens()

2016-02-29 13:57:56,033 - [DEBUG] - from application in play-akka.actor.default-dispatcher-32 
[securesocial] calling deleteExpiredTokens()

2016-02-29 14:02:56,045 - [DEBUG] - from application in play-akka.actor.default-dispatcher-32 
[securesocial] calling deleteExpiredTokens()

2016-02-29 14:07:56,052 - [DEBUG] - from application in play-akka.actor.default-dispatcher-32 
[securesocial] calling deleteExpiredTokens()

2016-02-29 14:12:56,066 - [DEBUG] - from application in play-akka.actor.default-dispatcher-32 
[securesocial] calling deleteExpiredTokens()

2016-02-29 14:17:56,074 - [DEBUG] - from application in play-akka.actor.default-dispatcher-32 
[securesocial] calling deleteExpiredTokens()

2016-02-29 14:22:56,090 - [DEBUG] - from application in play-akka.actor.default-dispatcher-32 
[securesocial] calling deleteExpiredTokens()

2016-02-29 14:27:56,096 - [DEBUG] - from application in play-akka.actor.default-dispatcher-32 
[securesocial] calling deleteExpiredTokens()

2016-02-29 14:32:56,111 - [DEBUG] - from application in play-akka.actor.default-dispatcher-32 
[securesocial] calling deleteExpiredTokens()

2016-02-29 14:37:56,118 - [DEBUG] - from application in play-akka.actor.default-dispatcher-32 
[securesocial] calling deleteExpiredTokens()

2016-02-29 14:42:56,130 - [DEBUG] - from application in play-akka.actor.default-dispatcher-32 
[securesocial] calling deleteExpiredTokens()

2016-02-29 14:47:56,145 - [DEBUG] - from application in play-akka.actor.default-dispatcher-32 
[securesocial] calling deleteExpiredTokens()

2016-02-29 14:52:56,152 - [DEBUG] - from application in play-akka.actor.default-dispatcher-32 
[securesocial] calling deleteExpiredTokens()

2016-02-29 14:57:56,164 - [DEBUG] - from application in play-akka.actor.default-dispatcher-32 
[securesocial] calling deleteExpiredTokens()

2016-02-29 15:02:56,178 - [DEBUG] - from application in play-akka.actor.default-dispatcher-32 
[securesocial] calling deleteExpiredTokens()

2016-02-29 15:07:56,186 - [DEBUG] - from application in play-akka.actor.default-dispatcher-32 
[securesocial] calling deleteExpiredTokens()

2016-02-29 15:12:56,202 - [DEBUG] - from application in play-akka.actor.default-dispatcher-32 
[securesocial] calling deleteExpiredTokens()

2016-02-29 15:17:56,212 - [DEBUG] - from application in play-akka.actor.default-dispatcher-32 
[securesocial] calling deleteExpiredTokens()

2016-02-29 15:22:56,220 - [DEBUG] - from application in play-akka.actor.default-dispatcher-32 
[securesocial] calling deleteExpiredTokens()

2016-02-29 15:27:56,231 - [DEBUG] - from application in play-akka.actor.default-dispatcher-32 
[securesocial] calling deleteExpiredTokens()

2016-02-29 15:32:56,242 - [DEBUG] - from application in play-akka.actor.default-dispatcher-32 
[securesocial] calling deleteExpiredTokens()

2016-02-29 15:37:56,253 - [DEBUG] - from application in play-akka.actor.default-dispatcher-32 
[securesocial] calling deleteExpiredTokens()

2016-02-29 15:42:56,264 - [DEBUG] - from application in play-akka.actor.default-dispatcher-32 
[securesocial] calling deleteExpiredTokens()

2016-02-29 15:47:56,276 - [DEBUG] - from application in play-akka.actor.default-dispatcher-32 
[securesocial] calling deleteExpiredTokens()

2016-02-29 15:52:56,288 - [DEBUG] - from application in play-akka.actor.default-dispatcher-32 
[securesocial] calling deleteExpiredTokens()

2016-02-29 15:57:56,302 - [DEBUG] - from application in play-akka.actor.default-dispatcher-32 
[securesocial] calling deleteExpiredTokens()

2016-02-29 16:02:56,313 - [DEBUG] - from application in play-akka.actor.default-dispatcher-32 
[securesocial] calling deleteExpiredTokens()

2016-02-29 16:07:56,320 - [DEBUG] - from application in play-akka.actor.default-dispatcher-32 
[securesocial] calling deleteExpiredTokens()

2016-02-29 16:12:56,332 - [DEBUG] - from application in play-akka.actor.default-dispatcher-32 
[securesocial] calling deleteExpiredTokens()

2016-02-29 16:17:56,346 - [DEBUG] - from application in play-akka.actor.default-dispatcher-32 
[securesocial] calling deleteExpiredTokens()

2016-02-29 16:22:56,354 - [DEBUG] - from application in play-akka.actor.default-dispatcher-32 
[securesocial] calling deleteExpiredTokens()

2016-02-29 16:27:56,365 - [DEBUG] - from application in play-akka.actor.default-dispatcher-32 
[securesocial] calling deleteExpiredTokens()

2016-02-29 16:32:56,376 - [DEBUG] - from application in play-akka.actor.default-dispatcher-32 
[securesocial] calling deleteExpiredTokens()

2016-02-29 16:37:56,391 - [DEBUG] - from application in play-akka.actor.default-dispatcher-32 
[securesocial] calling deleteExpiredTokens()

2016-02-29 16:42:56,402 - [DEBUG] - from application in play-akka.actor.default-dispatcher-32 
[securesocial] calling deleteExpiredTokens()

2016-02-29 16:47:56,412 - [DEBUG] - from application in play-akka.actor.default-dispatcher-32 
[securesocial] calling deleteExpiredTokens()

2016-02-29 16:52:56,421 - [DEBUG] - from application in play-akka.actor.default-dispatcher-32 
[securesocial] calling deleteExpiredTokens()

2016-02-29 16:57:56,435 - [DEBUG] - from application in play-akka.actor.default-dispatcher-32 
[securesocial] calling deleteExpiredTokens()

2016-02-29 17:02:56,447 - [DEBUG] - from application in play-akka.actor.default-dispatcher-32 
[securesocial] calling deleteExpiredTokens()

2016-02-29 17:07:56,453 - [DEBUG] - from application in play-akka.actor.default-dispatcher-32 
[securesocial] calling deleteExpiredTokens()

2016-02-29 17:12:56,469 - [DEBUG] - from application in play-akka.actor.default-dispatcher-32 
[securesocial] calling deleteExpiredTokens()

2016-02-29 17:17:56,476 - [DEBUG] - from application in play-akka.actor.default-dispatcher-32 
[securesocial] calling deleteExpiredTokens()

2016-02-29 17:22:56,491 - [DEBUG] - from application in play-akka.actor.default-dispatcher-32 
[securesocial] calling deleteExpiredTokens()

2016-02-29 17:27:56,499 - [DEBUG] - from application in play-akka.actor.default-dispatcher-32 
[securesocial] calling deleteExpiredTokens()

2016-02-29 17:32:56,509 - [DEBUG] - from application in play-akka.actor.default-dispatcher-32 
[securesocial] calling deleteExpiredTokens()

2016-02-29 17:37:56,525 - [DEBUG] - from application in play-akka.actor.default-dispatcher-32 
[securesocial] calling deleteExpiredTokens()

2016-02-29 17:42:56,532 - [DEBUG] - from application in play-akka.actor.default-dispatcher-32 
[securesocial] calling deleteExpiredTokens()

2016-02-29 17:47:56,545 - [DEBUG] - from application in play-akka.actor.default-dispatcher-32 
[securesocial] calling deleteExpiredTokens()

2016-02-29 17:52:56,556 - [DEBUG] - from application in play-akka.actor.default-dispatcher-32 
[securesocial] calling deleteExpiredTokens()

2016-02-29 17:57:56,566 - [DEBUG] - from application in play-akka.actor.default-dispatcher-32 
[securesocial] calling deleteExpiredTokens()

2016-02-29 18:02:56,580 - [DEBUG] - from application in play-akka.actor.default-dispatcher-32 
[securesocial] calling deleteExpiredTokens()

2016-02-29 18:07:56,592 - [DEBUG] - from application in play-akka.actor.default-dispatcher-32 
[securesocial] calling deleteExpiredTokens()

2016-02-29 18:12:56,602 - [DEBUG] - from application in play-akka.actor.default-dispatcher-32 
[securesocial] calling deleteExpiredTokens()

2016-02-29 18:17:56,614 - [DEBUG] - from application in play-akka.actor.default-dispatcher-32 
[securesocial] calling deleteExpiredTokens()

2016-02-29 18:22:56,625 - [DEBUG] - from application in play-akka.actor.default-dispatcher-32 
[securesocial] calling deleteExpiredTokens()

2016-02-29 18:27:56,637 - [DEBUG] - from application in play-akka.actor.default-dispatcher-32 
[securesocial] calling deleteExpiredTokens()

2016-02-29 18:32:56,648 - [DEBUG] - from application in play-akka.actor.default-dispatcher-32 
[securesocial] calling deleteExpiredTokens()

2016-02-29 18:37:56,657 - [DEBUG] - from application in play-akka.actor.default-dispatcher-32 
[securesocial] calling deleteExpiredTokens()

2016-02-29 18:42:56,670 - [DEBUG] - from application in play-akka.actor.default-dispatcher-32 
[securesocial] calling deleteExpiredTokens()

2016-02-29 18:48:56,925 - [DEBUG] - from application in play-akka.actor.default-dispatcher-32 
[securesocial] calling deleteExpiredTokens()

2016-02-29 18:53:56,937 - [DEBUG] - from application in play-akka.actor.default-dispatcher-32 
[securesocial] calling deleteExpiredTokens()

2016-02-29 18:58:56,948 - [DEBUG] - from application in play-akka.actor.default-dispatcher-32 
[securesocial] calling deleteExpiredTokens()

2016-02-29 19:03:56,958 - [DEBUG] - from application in play-akka.actor.default-dispatcher-32 
[securesocial] calling deleteExpiredTokens()

2016-02-29 19:08:56,972 - [DEBUG] - from application in play-akka.actor.default-dispatcher-32 
[securesocial] calling deleteExpiredTokens()

2016-02-29 19:13:56,984 - [DEBUG] - from application in play-akka.actor.default-dispatcher-32 
[securesocial] calling deleteExpiredTokens()

2016-02-29 19:18:56,995 - [DEBUG] - from application in play-akka.actor.default-dispatcher-32 
[securesocial] calling deleteExpiredTokens()

2016-02-29 19:23:57,006 - [DEBUG] - from application in play-akka.actor.default-dispatcher-32 
[securesocial] calling deleteExpiredTokens()

2016-02-29 19:28:57,017 - [DEBUG] - from application in play-akka.actor.default-dispatcher-32 
[securesocial] calling deleteExpiredTokens()

2016-02-29 19:33:57,026 - [DEBUG] - from application in play-akka.actor.default-dispatcher-32 
[securesocial] calling deleteExpiredTokens()

2016-02-29 19:38:57,038 - [DEBUG] - from application in play-akka.actor.default-dispatcher-32 
[securesocial] calling deleteExpiredTokens()

2016-02-29 19:43:57,050 - [DEBUG] - from application in play-akka.actor.default-dispatcher-32 
[securesocial] calling deleteExpiredTokens()

2016-02-29 19:48:57,061 - [DEBUG] - from application in play-akka.actor.default-dispatcher-32 
[securesocial] calling deleteExpiredTokens()

2016-02-29 19:53:57,072 - [DEBUG] - from application in play-akka.actor.default-dispatcher-32 
[securesocial] calling deleteExpiredTokens()

2016-02-29 19:58:57,085 - [DEBUG] - from application in play-akka.actor.default-dispatcher-32 
[securesocial] calling deleteExpiredTokens()

2016-02-29 20:03:57,095 - [DEBUG] - from application in play-akka.actor.default-dispatcher-32 
[securesocial] calling deleteExpiredTokens()

2016-02-29 20:08:57,109 - [DEBUG] - from application in play-akka.actor.default-dispatcher-32 
[securesocial] calling deleteExpiredTokens()

2016-02-29 20:13:57,119 - [DEBUG] - from application in play-akka.actor.default-dispatcher-32 
[securesocial] calling deleteExpiredTokens()

2016-02-29 20:18:57,132 - [DEBUG] - from application in play-akka.actor.default-dispatcher-32 
[securesocial] calling deleteExpiredTokens()

2016-02-29 20:23:57,143 - [DEBUG] - from application in play-akka.actor.default-dispatcher-32 
[securesocial] calling deleteExpiredTokens()

2016-02-29 20:28:57,154 - [DEBUG] - from application in play-akka.actor.default-dispatcher-32 
[securesocial] calling deleteExpiredTokens()

2016-02-29 20:33:57,166 - [DEBUG] - from application in play-akka.actor.default-dispatcher-32 
[securesocial] calling deleteExpiredTokens()

2016-02-29 20:38:57,176 - [DEBUG] - from application in play-akka.actor.default-dispatcher-32 
[securesocial] calling deleteExpiredTokens()

2016-02-29 20:43:57,186 - [DEBUG] - from application in play-akka.actor.default-dispatcher-32 
[securesocial] calling deleteExpiredTokens()

2016-02-29 20:48:57,200 - [DEBUG] - from application in play-akka.actor.default-dispatcher-32 
[securesocial] calling deleteExpiredTokens()

2016-02-29 20:53:57,212 - [DEBUG] - from application in play-akka.actor.default-dispatcher-32 
[securesocial] calling deleteExpiredTokens()

2016-02-29 20:58:57,221 - [DEBUG] - from application in play-akka.actor.default-dispatcher-32 
[securesocial] calling deleteExpiredTokens()

2016-02-29 21:03:57,235 - [DEBUG] - from application in play-akka.actor.default-dispatcher-32 
[securesocial] calling deleteExpiredTokens()

2016-02-29 21:08:57,245 - [DEBUG] - from application in play-akka.actor.default-dispatcher-32 
[securesocial] calling deleteExpiredTokens()

2016-02-29 21:13:57,257 - [DEBUG] - from application in play-akka.actor.default-dispatcher-32 
[securesocial] calling deleteExpiredTokens()

2016-02-29 21:18:57,266 - [DEBUG] - from application in play-akka.actor.default-dispatcher-32 
[securesocial] calling deleteExpiredTokens()

2016-02-29 21:23:57,281 - [DEBUG] - from application in play-akka.actor.default-dispatcher-32 
[securesocial] calling deleteExpiredTokens()

2016-02-29 21:28:57,289 - [DEBUG] - from application in play-akka.actor.default-dispatcher-32 
[securesocial] calling deleteExpiredTokens()

2016-02-29 21:33:57,303 - [DEBUG] - from application in play-akka.actor.default-dispatcher-42 
[securesocial] calling deleteExpiredTokens()

2016-02-29 21:38:57,314 - [DEBUG] - from application in play-akka.actor.default-dispatcher-55 
[securesocial] calling deleteExpiredTokens()

2016-02-29 21:43:57,326 - [DEBUG] - from application in play-akka.actor.default-dispatcher-62 
[securesocial] calling deleteExpiredTokens()

2016-02-29 21:44:02,882 - [INFO] - from application in play-internal-execution-context-1 
[securesocial] unloaded identity provider: userpass

2016-02-29 21:44:02,886 - [INFO] - from application in play-internal-execution-context-1 
[securesocial] unloaded password hasher bcrypt

2016-02-29 21:44:02,889 - [INFO] - from play in play-internal-execution-context-1 
Shutdown application default Akka system.

2016-02-29 21:44:14,166 - [INFO] - from application in play-internal-execution-context-1 
[securesocial] loaded templates plugin: plugins.users.CustomTemplatesPlugin

2016-02-29 21:44:14,182 - [INFO] - from play in play-internal-execution-context-1 
Starting application default Akka system.

2016-02-29 21:44:14,182 - [DEBUG] - from application in play-akka.actor.default-dispatcher-62 
[securesocial] calling deleteExpiredTokens()

2016-02-29 21:44:14,183 - [INFO] - from application in play-internal-execution-context-1 
[securesocial] loaded user service: class plugins.users.sorm.SormUserServicePlugin

2016-02-29 21:44:14,185 - [INFO] - from application in play-internal-execution-context-1 
[securesocial] loaded password hasher bcrypt

2016-02-29 21:44:14,191 - [INFO] - from application in play-internal-execution-context-1 
[securesocial] loaded identity provider: userpass

2016-02-29 21:44:14,193 - [INFO] - from play in play-internal-execution-context-1 
Application started (Dev)

2016-02-29 21:45:01,940 - [INFO] - from application in play-akka.actor.default-dispatcher-75 
encrypt Data08b8b7b6266f21a1bd2097ac993155d4a6e2169e28b7dfdb380fa73ac7bdf

